<?xml version="1.0" encoding="UTF-8"?>
<!-- Generated by org.testng.reporters.JUnitXMLReporter -->
<testsuite ignored="0" hostname="LAPTOP-GIPTAAAG" failures="0" tests="9" name="Default test" time="60.774" errors="0" timestamp="2025-05-28T17:40:12 IST">
  <testcase classname="com.facebook.Test.TC001_Register" name="test_RegisterPage" time="4.179"/>
  <testcase classname="com.facebook.Test.TC001_Register" name="test_RegisterPage" time="3.602"/>
  <testcase classname="com.facebook.Test.TC001_Register" name="test_RegisterPage" time="3.71"/>
  <testcase classname="com.facebook.Test.TC001_Register" name="test_RegisterPage" time="3.119"/>
  <testcase classname="com.facebook.Test.TC001_Register" name="test_RegisterPage" time="3.692"/>
  <testcase classname="com.facebook.Test.TC001_Register" name="test_RegisterPage" time="3.924"/>
  <testcase classname="com.facebook.Test.TC001_Register" name="test_RegisterPage" time="3.432"/>
  <testcase classname="com.facebook.Test.TC001_Register" name="test_RegisterPage" time="4.278"/>
  <testcase classname="com.facebook.Test.TC001_Register" name="test_RegisterPage" time="4.329"/>
</testsuite> <!-- Default test -->
