<?xml version="1.0" encoding="UTF-8"?>
<!-- Generated by org.testng.reporters.JUnitXMLReporter -->
<testsuite ignored="0" hostname="LAPTOP-GIPTAAAG" failures="0" tests="6" name="Default test" time="12.731" errors="0" timestamp="2025-05-31T19:19:30 IST">
  <testcase classname="test.TC001_TestClass" name="test_Homepage" time="0.121"/>
  <testcase classname="test.TC001_TestClass" name="clickOnMobileMenu" time="3.213"/>
  <testcase classname="test.TC001_TestClass" name="test_MobileMenuPage" time="0.041"/>
  <testcase classname="test.TC001_TestClass" name="sortByName" time="1.34"/>
  <testcase classname="test.TC001_TestClass" name="checkPriceOfSonyXperia" time="7.497"/>
  <testcase classname="test.TC001_TestClass" name="clickOnAddToCart" time="0.416"/>
</testsuite> <!-- Default test -->
