<?xml version="1.0" encoding="UTF-8"?>
<!-- Generated by org.testng.reporters.JUnitXMLReporter -->
<testsuite ignored="0" hostname="LAPTOP-GIPTAAAG" failures="0" tests="9" name="Test" time="86.097" errors="0" timestamp="2025-05-29T21:08:26 IST">
  <testcase classname="com.facebook.Test.TC001_Register" name="test_RegisterPage" time="15.83"/>
  <testcase classname="com.facebook.Test.TC001_Register" name="test_RegisterPage" time="7.283"/>
  <testcase classname="com.facebook.Test.TC001_Register" name="test_RegisterPage" time="7.153"/>
  <testcase classname="com.facebook.Test.TC001_Register" name="test_RegisterPage" time="7.692"/>
  <testcase classname="com.facebook.Test.TC001_Register" name="test_RegisterPage" time="6.553"/>
  <testcase classname="com.facebook.Test.TC001_Register" name="test_RegisterPage" time="7.526"/>
  <testcase classname="com.facebook.Test.TC001_Register" name="test_RegisterPage" time="3.321"/>
  <testcase classname="com.facebook.Test.TC001_Register" name="test_RegisterPage" time="3.864"/>
  <testcase classname="com.facebook.Test.TC001_Register" name="test_RegisterPage" time="5.145"/>
</testsuite> <!-- Test -->
