<?xml version="1.0" encoding="UTF-8"?>
<!-- Generated by org.testng.reporters.JUnitXMLReporter -->
<testsuite ignored="0" hostname="LAPTOP-GIPTAAAG" failures="0" tests="8" name="Default test" time="0.73" errors="0" timestamp="2025-05-23T14:46:12 IST">
  <testcase classname="Maven_Testng_package.DataProviderClass" name="search" time="0.003"/>
  <testcase classname="Maven_Testng_package.DataProviderClass" name="search" time="0.001"/>
  <testcase classname="Maven_Testng_package.DataProviderClass" name="search" time="0.0"/>
  <testcase classname="Maven_Testng_package.DataProviderClass" name="search" time="0.001"/>
  <testcase classname="Maven_Testng_package.DataProviderClass" name="search" time="0.0"/>
  <testcase classname="Maven_Testng_package.DataProviderClass" name="search" time="0.0"/>
  <testcase classname="Maven_Testng_package.DataProviderClass" name="search" time="0.002"/>
  <testcase classname="Maven_Testng_package.DataProviderClass" name="search" time="0.001"/>
</testsuite> <!-- Default test -->
