<?xml version="1.0" encoding="UTF-8"?>
<testng-results ignored="0" total="6" passed="6" failed="0" skipped="0">
  <reporter-output>
  </reporter-output>
  <suite started-at="2025-05-31T19:36:56 IST" name="Suite" finished-at="2025-05-31T19:37:11 IST" duration-ms="15086">
    <groups>
    </groups>
    <test started-at="2025-05-31T19:36:56 IST" name="Test" finished-at="2025-05-31T19:37:11 IST" duration-ms="15086">
      <class name="test.TC001_TestClass">
        <test-method is-config="true" signature="setUpBrowser()[pri:0, instance:test.TC001_TestClass@1972e513]" started-at="2025-05-31T19:36:42 IST" name="setUpBrowser" finished-at="2025-05-31T19:36:56 IST" duration-ms="13587" status="PASS">
          <reporter-output>
          </reporter-output>
        </test-method> <!-- setUpBrowser -->
        <test-method is-config="true" signature="setData()[pri:0, instance:test.TC001_TestClass@1972e513]" started-at="2025-05-31T19:36:56 IST" name="setData" finished-at="2025-05-31T19:36:56 IST" duration-ms="0" status="PASS">
          <reporter-output>
          </reporter-output>
        </test-method> <!-- setData -->
        <test-method is-config="true" signature="createtest()[pri:0, instance:test.TC001_TestClass@1972e513]" started-at="2025-05-31T19:36:56 IST" name="createtest" finished-at="2025-05-31T19:36:56 IST" duration-ms="18" status="PASS">
          <reporter-output>
          </reporter-output>
        </test-method> <!-- createtest -->
        <test-method signature="test_Homepage()[pri:1, instance:test.TC001_TestClass@1972e513]" started-at="2025-05-31T19:36:56 IST" name="test_Homepage" finished-at="2025-05-31T19:36:56 IST" duration-ms="119" status="PASS">
          <reporter-output>
          </reporter-output>
        </test-method> <!-- test_Homepage -->
        <test-method signature="clickOnMobileMenu()[pri:2, instance:test.TC001_TestClass@1972e513]" started-at="2025-05-31T19:36:56 IST" name="clickOnMobileMenu" finished-at="2025-05-31T19:36:58 IST" duration-ms="2131" status="PASS">
          <reporter-output>
          </reporter-output>
        </test-method> <!-- clickOnMobileMenu -->
        <test-method signature="test_MobileMenuPage()[pri:3, instance:test.TC001_TestClass@1972e513]" started-at="2025-05-31T19:36:58 IST" name="test_MobileMenuPage" finished-at="2025-05-31T19:36:58 IST" duration-ms="41" status="PASS">
          <reporter-output>
          </reporter-output>
        </test-method> <!-- test_MobileMenuPage -->
        <test-method signature="sortByName()[pri:4, instance:test.TC001_TestClass@1972e513]" started-at="2025-05-31T19:36:58 IST" name="sortByName" finished-at="2025-05-31T19:37:00 IST" duration-ms="1370" status="PASS">
          <reporter-output>
          </reporter-output>
        </test-method> <!-- sortByName -->
        <test-method signature="checkPriceOfSonyXperia()[pri:5, instance:test.TC001_TestClass@1972e513]" started-at="2025-05-31T19:37:00 IST" name="checkPriceOfSonyXperia" finished-at="2025-05-31T19:37:10 IST" duration-ms="10654" status="PASS">
          <reporter-output>
          </reporter-output>
        </test-method> <!-- checkPriceOfSonyXperia -->
        <test-method signature="clickOnAddToCart()[pri:6, instance:test.TC001_TestClass@1972e513]" started-at="2025-05-31T19:37:10 IST" name="clickOnAddToCart" finished-at="2025-05-31T19:37:11 IST" duration-ms="671" status="PASS">
          <reporter-output>
          </reporter-output>
        </test-method> <!-- clickOnAddToCart -->
        <test-method is-config="true" signature="terminate()[pri:0, instance:test.TC001_TestClass@1972e513]" started-at="2025-05-31T19:37:11 IST" name="terminate" finished-at="2025-05-31T19:37:12 IST" duration-ms="1293" status="PASS">
          <reporter-output>
          </reporter-output>
        </test-method> <!-- terminate -->
      </class> <!-- test.TC001_TestClass -->
    </test> <!-- Test -->
  </suite> <!-- Suite -->
</testng-results>
